<?xml version="1.0" encoding="UTF-8"?>
<!-- Generated by org.testng.reporters.JUnitReportReporter -->
<testsuite hostname="DESKTOP-D8F1F99" failures="0" tests="3" name="ValueLabs.Tests.TestNGTestRunner" time="145.721" errors="0" timestamp="2022-12-23T23:02:02 GST" skipped="0">
  <testcase classname="ValueLabs.Tests.TestNGTestRunner" name="runScenario" time="38.929"/>
  <system-out/>
  <testcase classname="ValueLabs.Tests.TestNGTestRunner" name="runScenario" time="43.474"/>
  <system-out/>
  <testcase classname="ValueLabs.Tests.TestNGTestRunner" name="runScenario" time="63.318"/>
  <system-out/>
</testsuite> <!-- ValueLabs.Tests.TestNGTestRunner -->
